
Cadence Innovus(TM) Implementation System.
Copyright 2016 Cadence Design Systems, Inc. All rights reserved worldwide.

Version:	v16.26-s040_1, built Wed Mar 14 00:26:06 PDT 2018
Options:	-execute setLimitedAccessFeature legacy_fects 1 -execute win -init /cad/cadence/digital_ic_design/innovus/etc/innovus/enc.tcl 
Date:		Sun Mar 27 23:28:40 2022
Host:		bessel1 (x86_64 w/Linux 4.9.0-6-amd64) (1core*16cpus*Intel(R) Xeon(R) CPU X5650 @ 2.67GHz 12288KB)
OS:		Unsupported OS as /etc does not have release info

License:
		invs	Innovus Implementation System	16.2	checkout succeeded
		8 CPU jobs allowed with the current license(s). Use setMultiCpuUsage to set your required CPU count.
Sourcing startup file /cad/cadence/digital_ic_design/innovus/etc/innovus/enc.tcl
<CMD> setLayerPreference rve_0 -color green -isVisible 1 -isSelectable 1 -lineWidth 5 -stipple none
<CMD> setLayerPreference rve_1 -color darkblue -isVisible 1 -isSelectable 1 -lineWidth 5 -stipple none
<CMD> setLayerPreference rve_2 -color slateblue -isVisible 1 -isSelectable 1 -lineWidth 5 -stipple none
<CMD> setLayerPreference rve_3 -color turquoise -isVisible 1 -isSelectable 1 -lineWidth 5 -stipple none
<CMD> setLayerPreference rve_4 -color lightgray -isVisible 1 -isSelectable 1 -lineWidth 5 -stipple none
<CMD> setLayerPreference rve_5 -color wheat -isVisible 1 -isSelectable 1 -lineWidth 5 -stipple none
<CMD> setLayerPreference rve_6 -color goldenrod -isVisible 1 -isSelectable 1 -lineWidth 5 -stipple none
<CMD> setLayerPreference rve_7 -color yellow -isVisible 1 -isSelectable 1 -lineWidth 5 -stipple none
<CMD> setLayerPreference rve_8 -color sandybrown -isVisible 1 -isSelectable 1 -lineWidth 5 -stipple none
<CMD> setLayerPreference rve_9 -color coral -isVisible 1 -isSelectable 1 -lineWidth 5 -stipple none
<CMD> setLayerPreference rve_10 -color red -isVisible 1 -isSelectable 1 -lineWidth 5 -stipple none
<CMD> setLayerPreference rve_11 -color tomato -isVisible 1 -isSelectable 1 -lineWidth 5 -stipple none
<CMD> setLayerPreference rve_12 -color firebrick -isVisible 1 -isSelectable 1 -lineWidth 5 -stipple none
<CMD> setLayerPreference rve_13 -color purple -isVisible 1 -isSelectable 1 -lineWidth 5 -stipple none
<CMD> setLayerPreference rve_14 -color violet -isVisible 1 -isSelectable 1 -lineWidth 5 -stipple none
<CMD> setLayerPreference rve_15 -color tan -isVisible 1 -isSelectable 1 -lineWidth 5 -stipple none
<CMD> ::getVersion

**INFO:  MMMC transition support version v31-84 

<CMD> set_global _enable_mmmc_by_default_flow      $CTE::mmmc_default
<CMD> suppressMessage ENCEXT-2799
<CMD> getDrawView
<CMD> loadWorkspace -name Physical
Executing cmd 'win' ...
<CMD> win
Sourcing file "/cad/cadence/digital_ic_design/innovus/etc/innovus/enc.tcl" ...
<CMD> set ::TimeLib::tsgMarkCellLatchConstructFlag 1
<CMD> set conf_qxconf_file NULL
<CMD> set conf_qxlib_file NULL
<CMD> set defHierChar /
<CMD> set distributed_client_message_echo 1
<CMD> set distributed_mmmc_disable_reports_auto_redirection 0
<CMD> set eco_post_client_restore_command {update_timing ; write_eco_opt_db ;}
<CMD> set init_gnd_net VSS
<CMD> set init_lef_file {../synth/lef/tf/uk65lscllmvbbr_6m1t0f.lef ../synth/lef/uk65lscllmvbbr.lef}
<CMD> set init_mmmc_file Default.view
<CMD> set init_pwr_net VDD
<CMD> set init_top_cell fifo
<CMD> set init_verilog ../synth/netlist/fifo_post_opt.v
<CMD> set latch_time_borrow_mode max_borrow
<CMD> set pegDefaultResScaleFactor 1
<CMD> set pegDetailResScaleFactor 1
<CMD> set report_inactive_arcs_format {from to when arc_type sense reason}
<CMD> set tso_post_client_restore_command {update_timing ; write_eco_opt_db ;}
<CMD> init_design
#- Begin Load MMMC data ... (date=03/27 23:38:18, mem=522.4M)
#- End Load MMMC data ... (date=03/27 23:38:19, total cpu=0:00:00.0, real=0:00:00.0, peak res=66.5M, current mem=522.4M)
Default_rc_corner

Loading LEF file ../synth/lef/tf/uk65lscllmvbbr_6m1t0f.lef ...

Loading LEF file ../synth/lef/uk65lscllmvbbr.lef ...
**WARN: (IMPLF-108):	There is no overlap layer defined in any LEF file
so you are unable to create rectilinear partition in a hierarchical flow.
Set DBUPerIGU to M2 pitch 400.
**WARN: (IMPLF-200):	Pin 'A' in macro 'ANTR' has no ANTENNAGATEAREA value defined. The library data is incomplete and some process antenna rules will not be checked correctly.
Type 'man IMPLF-200' for more detail.

viaInitial starts at Sun Mar 27 23:38:19 2022
viaInitial ends at Sun Mar 27 23:38:19 2022
Loading view definition file from Default.view
Reading typ_time_library timing library '/afs/iitd.ac.in/service/tools/public/asiclib/umcoa/L65/libraries/UMC65LLSC/synopsys/ccs/uk65lscllmvbbr_100c25_tc_ccs.lib' ...
**WARN: (TECHLIB-436):	Attribute 'max_fanout' on 'output/inout' pin 'CO' of cell 'AD42M2RA' is not defined in the library. (File /afs/iitd.ac.in/service/tools/public/asiclib/umcoa/L65/libraries/UMC65LLSC/synopsys/ccs/uk65lscllmvbbr_100c25_tc_ccs.lib)
**WARN: (TECHLIB-436):	Attribute 'max_fanout' on 'output/inout' pin 'ICO' of cell 'AD42M2RA' is not defined in the library. (File /afs/iitd.ac.in/service/tools/public/asiclib/umcoa/L65/libraries/UMC65LLSC/synopsys/ccs/uk65lscllmvbbr_100c25_tc_ccs.lib)
**WARN: (TECHLIB-1365):	The ccsn_last_stage output_voltage_rise vector group for total_output_net_capacitance (0.012037) and input_net_transition (0.001702)  has a duplicate definition (line '292142') on pin 'S' and cell 'AD42M2RA'. The duplicate definition will be ignored. (File /afs/iitd.ac.in/service/tools/public/asiclib/umcoa/L65/libraries/UMC65LLSC/synopsys/ccs/uk65lscllmvbbr_100c25_tc_ccs.lib, Line 292133)
**WARN: (TECHLIB-1365):	The ccsn_last_stage output_voltage_rise vector group for total_output_net_capacitance (0.012037) and input_net_transition (0.008867)  has a duplicate definition (line '292160') on pin 'S' and cell 'AD42M2RA'. The duplicate definition will be ignored. (File /afs/iitd.ac.in/service/tools/public/asiclib/umcoa/L65/libraries/UMC65LLSC/synopsys/ccs/uk65lscllmvbbr_100c25_tc_ccs.lib, Line 292151)
**WARN: (TECHLIB-1365):	The ccsn_last_stage output_voltage_rise vector group for total_output_net_capacitance (0.114555) and input_net_transition (0.001702)  has a duplicate definition (line '292178') on pin 'S' and cell 'AD42M2RA'. The duplicate definition will be ignored. (File /afs/iitd.ac.in/service/tools/public/asiclib/umcoa/L65/libraries/UMC65LLSC/synopsys/ccs/uk65lscllmvbbr_100c25_tc_ccs.lib, Line 292169)
**WARN: (TECHLIB-1365):	The ccsn_last_stage output_voltage_rise vector group for total_output_net_capacitance (0.114555) and input_net_transition (0.008867)  has a duplicate definition (line '292196') on pin 'S' and cell 'AD42M2RA'. The duplicate definition will be ignored. (File /afs/iitd.ac.in/service/tools/public/asiclib/umcoa/L65/libraries/UMC65LLSC/synopsys/ccs/uk65lscllmvbbr_100c25_tc_ccs.lib, Line 292187)
**WARN: (TECHLIB-1365):	The ccsn_last_stage output_voltage_fall vector group for total_output_net_capacitance (0.012037) and input_net_transition (0.001702)  has a duplicate definition (line '292067') on pin 'S' and cell 'AD42M2RA'. The duplicate definition will be ignored. (File /afs/iitd.ac.in/service/tools/public/asiclib/umcoa/L65/libraries/UMC65LLSC/synopsys/ccs/uk65lscllmvbbr_100c25_tc_ccs.lib, Line 292058)
**WARN: (TECHLIB-1365):	The ccsn_last_stage output_voltage_fall vector group for total_output_net_capacitance (0.012037) and input_net_transition (0.008867)  has a duplicate definition (line '292085') on pin 'S' and cell 'AD42M2RA'. The duplicate definition will be ignored. (File /afs/iitd.ac.in/service/tools/public/asiclib/umcoa/L65/libraries/UMC65LLSC/synopsys/ccs/uk65lscllmvbbr_100c25_tc_ccs.lib, Line 292076)
**WARN: (TECHLIB-1365):	The ccsn_last_stage output_voltage_fall vector group for total_output_net_capacitance (0.114555) and input_net_transition (0.001702)  has a duplicate definition (line '292103') on pin 'S' and cell 'AD42M2RA'. The duplicate definition will be ignored. (File /afs/iitd.ac.in/service/tools/public/asiclib/umcoa/L65/libraries/UMC65LLSC/synopsys/ccs/uk65lscllmvbbr_100c25_tc_ccs.lib, Line 292094)
**WARN: (TECHLIB-1365):	The ccsn_last_stage output_voltage_fall vector group for total_output_net_capacitance (0.114555) and input_net_transition (0.008867)  has a duplicate definition (line '292121') on pin 'S' and cell 'AD42M2RA'. The duplicate definition will be ignored. (File /afs/iitd.ac.in/service/tools/public/asiclib/umcoa/L65/libraries/UMC65LLSC/synopsys/ccs/uk65lscllmvbbr_100c25_tc_ccs.lib, Line 292112)
**WARN: (TECHLIB-1365):	The ccsn_last_stage output_voltage_rise vector group for total_output_net_capacitance (0.012037) and input_net_transition (0.001702)  has a duplicate definition (line '292715') on pin 'S' and cell 'AD42M2RA'. The duplicate definition will be ignored. (File /afs/iitd.ac.in/service/tools/public/asiclib/umcoa/L65/libraries/UMC65LLSC/synopsys/ccs/uk65lscllmvbbr_100c25_tc_ccs.lib, Line 292706)
**WARN: (TECHLIB-1365):	The ccsn_last_stage output_voltage_rise vector group for total_output_net_capacitance (0.012037) and input_net_transition (0.008867)  has a duplicate definition (line '292733') on pin 'S' and cell 'AD42M2RA'. The duplicate definition will be ignored. (File /afs/iitd.ac.in/service/tools/public/asiclib/umcoa/L65/libraries/UMC65LLSC/synopsys/ccs/uk65lscllmvbbr_100c25_tc_ccs.lib, Line 292724)
**WARN: (TECHLIB-1365):	The ccsn_last_stage output_voltage_rise vector group for total_output_net_capacitance (0.114555) and input_net_transition (0.001702)  has a duplicate definition (line '292751') on pin 'S' and cell 'AD42M2RA'. The duplicate definition will be ignored. (File /afs/iitd.ac.in/service/tools/public/asiclib/umcoa/L65/libraries/UMC65LLSC/synopsys/ccs/uk65lscllmvbbr_100c25_tc_ccs.lib, Line 292742)
**WARN: (TECHLIB-1365):	The ccsn_last_stage output_voltage_rise vector group for total_output_net_capacitance (0.114555) and input_net_transition (0.008867)  has a duplicate definition (line '292769') on pin 'S' and cell 'AD42M2RA'. The duplicate definition will be ignored. (File /afs/iitd.ac.in/service/tools/public/asiclib/umcoa/L65/libraries/UMC65LLSC/synopsys/ccs/uk65lscllmvbbr_100c25_tc_ccs.lib, Line 292760)
**WARN: (TECHLIB-1365):	The ccsn_last_stage output_voltage_fall vector group for total_output_net_capacitance (0.012037) and input_net_transition (0.001702)  has a duplicate definition (line '292640') on pin 'S' and cell 'AD42M2RA'. The duplicate definition will be ignored. (File /afs/iitd.ac.in/service/tools/public/asiclib/umcoa/L65/libraries/UMC65LLSC/synopsys/ccs/uk65lscllmvbbr_100c25_tc_ccs.lib, Line 292631)
**WARN: (TECHLIB-1365):	The ccsn_last_stage output_voltage_fall vector group for total_output_net_capacitance (0.012037) and input_net_transition (0.008867)  has a duplicate definition (line '292658') on pin 'S' and cell 'AD42M2RA'. The duplicate definition will be ignored. (File /afs/iitd.ac.in/service/tools/public/asiclib/umcoa/L65/libraries/UMC65LLSC/synopsys/ccs/uk65lscllmvbbr_100c25_tc_ccs.lib, Line 292649)
**WARN: (TECHLIB-1365):	The ccsn_last_stage output_voltage_fall vector group for total_output_net_capacitance (0.114555) and input_net_transition (0.001702)  has a duplicate definition (line '292676') on pin 'S' and cell 'AD42M2RA'. The duplicate definition will be ignored. (File /afs/iitd.ac.in/service/tools/public/asiclib/umcoa/L65/libraries/UMC65LLSC/synopsys/ccs/uk65lscllmvbbr_100c25_tc_ccs.lib, Line 292667)
**WARN: (TECHLIB-1365):	The ccsn_last_stage output_voltage_fall vector group for total_output_net_capacitance (0.114555) and input_net_transition (0.008867)  has a duplicate definition (line '292694') on pin 'S' and cell 'AD42M2RA'. The duplicate definition will be ignored. (File /afs/iitd.ac.in/service/tools/public/asiclib/umcoa/L65/libraries/UMC65LLSC/synopsys/ccs/uk65lscllmvbbr_100c25_tc_ccs.lib, Line 292685)
**WARN: (TECHLIB-1365):	The ccsn_last_stage output_voltage_rise vector group for total_output_net_capacitance (0.012037) and input_net_transition (0.001702)  has a duplicate definition (line '293288') on pin 'S' and cell 'AD42M2RA'. The duplicate definition will be ignored. (File /afs/iitd.ac.in/service/tools/public/asiclib/umcoa/L65/libraries/UMC65LLSC/synopsys/ccs/uk65lscllmvbbr_100c25_tc_ccs.lib, Line 293279)
**WARN: (TECHLIB-1365):	The ccsn_last_stage output_voltage_rise vector group for total_output_net_capacitance (0.012037) and input_net_transition (0.008867)  has a duplicate definition (line '293306') on pin 'S' and cell 'AD42M2RA'. The duplicate definition will be ignored. (File /afs/iitd.ac.in/service/tools/public/asiclib/umcoa/L65/libraries/UMC65LLSC/synopsys/ccs/uk65lscllmvbbr_100c25_tc_ccs.lib, Line 293297)
**WARN: (TECHLIB-1365):	The ccsn_last_stage output_voltage_rise vector group for total_output_net_capacitance (0.114555) and input_net_transition (0.001702)  has a duplicate definition (line '293324') on pin 'S' and cell 'AD42M2RA'. The duplicate definition will be ignored. (File /afs/iitd.ac.in/service/tools/public/asiclib/umcoa/L65/libraries/UMC65LLSC/synopsys/ccs/uk65lscllmvbbr_100c25_tc_ccs.lib, Line 293315)
**WARN: (TECHLIB-1365):	The ccsn_last_stage output_voltage_rise vector group for total_output_net_capacitance (0.114555) and input_net_transition (0.008867)  has a duplicate definition (line '293342') on pin 'S' and cell 'AD42M2RA'. The duplicate definition will be ignored. (File /afs/iitd.ac.in/service/tools/public/asiclib/umcoa/L65/libraries/UMC65LLSC/synopsys/ccs/uk65lscllmvbbr_100c25_tc_ccs.lib, Line 293333)
Message <TECHLIB-1365> has exceeded the message display limit of '20'. Use 'set_message -no_limit -id list_of_msgIDs' to reset the message limit.
**WARN: (TECHLIB-436):	Attribute 'max_fanout' on 'output/inout' pin 'S' of cell 'AD42M2RA' is not defined in the library. (File /afs/iitd.ac.in/service/tools/public/asiclib/umcoa/L65/libraries/UMC65LLSC/synopsys/ccs/uk65lscllmvbbr_100c25_tc_ccs.lib)
**WARN: (TECHLIB-436):	Attribute 'max_fanout' on 'output/inout' pin 'CO' of cell 'AD42M4RA' is not defined in the library. (File /afs/iitd.ac.in/service/tools/public/asiclib/umcoa/L65/libraries/UMC65LLSC/synopsys/ccs/uk65lscllmvbbr_100c25_tc_ccs.lib)
**WARN: (TECHLIB-436):	Attribute 'max_fanout' on 'output/inout' pin 'ICO' of cell 'AD42M4RA' is not defined in the library. (File /afs/iitd.ac.in/service/tools/public/asiclib/umcoa/L65/libraries/UMC65LLSC/synopsys/ccs/uk65lscllmvbbr_100c25_tc_ccs.lib)
**WARN: (TECHLIB-436):	Attribute 'max_fanout' on 'output/inout' pin 'S' of cell 'AD42M4RA' is not defined in the library. (File /afs/iitd.ac.in/service/tools/public/asiclib/umcoa/L65/libraries/UMC65LLSC/synopsys/ccs/uk65lscllmvbbr_100c25_tc_ccs.lib)
**WARN: (TECHLIB-436):	Attribute 'max_fanout' on 'output/inout' pin 'CO0' of cell 'ADCSCM2R' is not defined in the library. (File /afs/iitd.ac.in/service/tools/public/asiclib/umcoa/L65/libraries/UMC65LLSC/synopsys/ccs/uk65lscllmvbbr_100c25_tc_ccs.lib)
**WARN: (TECHLIB-436):	Attribute 'max_fanout' on 'output/inout' pin 'CO1' of cell 'ADCSCM2R' is not defined in the library. (File /afs/iitd.ac.in/service/tools/public/asiclib/umcoa/L65/libraries/UMC65LLSC/synopsys/ccs/uk65lscllmvbbr_100c25_tc_ccs.lib)
**WARN: (TECHLIB-436):	Attribute 'max_fanout' on 'output/inout' pin 'CO0' of cell 'ADCSCM4R' is not defined in the library. (File /afs/iitd.ac.in/service/tools/public/asiclib/umcoa/L65/libraries/UMC65LLSC/synopsys/ccs/uk65lscllmvbbr_100c25_tc_ccs.lib)
**WARN: (TECHLIB-436):	Attribute 'max_fanout' on 'output/inout' pin 'CO1' of cell 'ADCSCM4R' is not defined in the library. (File /afs/iitd.ac.in/service/tools/public/asiclib/umcoa/L65/libraries/UMC65LLSC/synopsys/ccs/uk65lscllmvbbr_100c25_tc_ccs.lib)
**WARN: (TECHLIB-436):	Attribute 'max_fanout' on 'output/inout' pin 'CO0B' of cell 'ADCSIOM2R' is not defined in the library. (File /afs/iitd.ac.in/service/tools/public/asiclib/umcoa/L65/libraries/UMC65LLSC/synopsys/ccs/uk65lscllmvbbr_100c25_tc_ccs.lib)
**WARN: (TECHLIB-436):	Attribute 'max_fanout' on 'output/inout' pin 'CO1B' of cell 'ADCSIOM2R' is not defined in the library. (File /afs/iitd.ac.in/service/tools/public/asiclib/umcoa/L65/libraries/UMC65LLSC/synopsys/ccs/uk65lscllmvbbr_100c25_tc_ccs.lib)
**WARN: (TECHLIB-436):	Attribute 'max_fanout' on 'output/inout' pin 'CO0B' of cell 'ADCSIOM4R' is not defined in the library. (File /afs/iitd.ac.in/service/tools/public/asiclib/umcoa/L65/libraries/UMC65LLSC/synopsys/ccs/uk65lscllmvbbr_100c25_tc_ccs.lib)
**WARN: (TECHLIB-436):	Attribute 'max_fanout' on 'output/inout' pin 'CO1B' of cell 'ADCSIOM4R' is not defined in the library. (File /afs/iitd.ac.in/service/tools/public/asiclib/umcoa/L65/libraries/UMC65LLSC/synopsys/ccs/uk65lscllmvbbr_100c25_tc_ccs.lib)
**WARN: (TECHLIB-436):	Attribute 'max_fanout' on 'output/inout' pin 'CO0B' of cell 'ADCSOM2R' is not defined in the library. (File /afs/iitd.ac.in/service/tools/public/asiclib/umcoa/L65/libraries/UMC65LLSC/synopsys/ccs/uk65lscllmvbbr_100c25_tc_ccs.lib)
**WARN: (TECHLIB-436):	Attribute 'max_fanout' on 'output/inout' pin 'CO1B' of cell 'ADCSOM2R' is not defined in the library. (File /afs/iitd.ac.in/service/tools/public/asiclib/umcoa/L65/libraries/UMC65LLSC/synopsys/ccs/uk65lscllmvbbr_100c25_tc_ccs.lib)
**WARN: (TECHLIB-436):	Attribute 'max_fanout' on 'output/inout' pin 'CO0B' of cell 'ADCSOM4R' is not defined in the library. (File /afs/iitd.ac.in/service/tools/public/asiclib/umcoa/L65/libraries/UMC65LLSC/synopsys/ccs/uk65lscllmvbbr_100c25_tc_ccs.lib)
**WARN: (TECHLIB-436):	Attribute 'max_fanout' on 'output/inout' pin 'CO1B' of cell 'ADCSOM4R' is not defined in the library. (File /afs/iitd.ac.in/service/tools/public/asiclib/umcoa/L65/libraries/UMC65LLSC/synopsys/ccs/uk65lscllmvbbr_100c25_tc_ccs.lib)
**WARN: (TECHLIB-436):	Attribute 'max_fanout' on 'output/inout' pin 'CO' of cell 'ADFCGCM2RA' is not defined in the library. (File /afs/iitd.ac.in/service/tools/public/asiclib/umcoa/L65/libraries/UMC65LLSC/synopsys/ccs/uk65lscllmvbbr_100c25_tc_ccs.lib)
**WARN: (TECHLIB-436):	Attribute 'max_fanout' on 'output/inout' pin 'CO' of cell 'ADFCGCM4RA' is not defined in the library. (File /afs/iitd.ac.in/service/tools/public/asiclib/umcoa/L65/libraries/UMC65LLSC/synopsys/ccs/uk65lscllmvbbr_100c25_tc_ccs.lib)
Message <TECHLIB-436> has exceeded the message display limit of '20'. Use 'set_message -no_limit -id list_of_msgIDs' to reset the message limit.
**WARN: (TECHLIB-302):	No function defined for cell 'FILEP8R'. The cell will only be used for analysis. (File /afs/iitd.ac.in/service/tools/public/asiclib/umcoa/L65/libraries/UMC65LLSC/synopsys/ccs/uk65lscllmvbbr_100c25_tc_ccs.lib)
**WARN: (TECHLIB-302):	No function defined for cell 'FILEP64R'. The cell will only be used for analysis. (File /afs/iitd.ac.in/service/tools/public/asiclib/umcoa/L65/libraries/UMC65LLSC/synopsys/ccs/uk65lscllmvbbr_100c25_tc_ccs.lib)
**WARN: (TECHLIB-302):	No function defined for cell 'FILEP32R'. The cell will only be used for analysis. (File /afs/iitd.ac.in/service/tools/public/asiclib/umcoa/L65/libraries/UMC65LLSC/synopsys/ccs/uk65lscllmvbbr_100c25_tc_ccs.lib)
**WARN: (TECHLIB-302):	No function defined for cell 'FILEP16R'. The cell will only be used for analysis. (File /afs/iitd.ac.in/service/tools/public/asiclib/umcoa/L65/libraries/UMC65LLSC/synopsys/ccs/uk65lscllmvbbr_100c25_tc_ccs.lib)
**WARN: (TECHLIB-302):	No function defined for cell 'FILE8R'. The cell will only be used for analysis. (File /afs/iitd.ac.in/service/tools/public/asiclib/umcoa/L65/libraries/UMC65LLSC/synopsys/ccs/uk65lscllmvbbr_100c25_tc_ccs.lib)
**WARN: (TECHLIB-302):	No function defined for cell 'FILE6R'. The cell will only be used for analysis. (File /afs/iitd.ac.in/service/tools/public/asiclib/umcoa/L65/libraries/UMC65LLSC/synopsys/ccs/uk65lscllmvbbr_100c25_tc_ccs.lib)
**WARN: (TECHLIB-302):	No function defined for cell 'FILE64R'. The cell will only be used for analysis. (File /afs/iitd.ac.in/service/tools/public/asiclib/umcoa/L65/libraries/UMC65LLSC/synopsys/ccs/uk65lscllmvbbr_100c25_tc_ccs.lib)
**WARN: (TECHLIB-302):	No function defined for cell 'FILE4R'. The cell will only be used for analysis. (File /afs/iitd.ac.in/service/tools/public/asiclib/umcoa/L65/libraries/UMC65LLSC/synopsys/ccs/uk65lscllmvbbr_100c25_tc_ccs.lib)
**WARN: (TECHLIB-302):	No function defined for cell 'FILE3R'. The cell will only be used for analysis. (File /afs/iitd.ac.in/service/tools/public/asiclib/umcoa/L65/libraries/UMC65LLSC/synopsys/ccs/uk65lscllmvbbr_100c25_tc_ccs.lib)
**WARN: (TECHLIB-302):	No function defined for cell 'FILE32R'. The cell will only be used for analysis. (File /afs/iitd.ac.in/service/tools/public/asiclib/umcoa/L65/libraries/UMC65LLSC/synopsys/ccs/uk65lscllmvbbr_100c25_tc_ccs.lib)
**WARN: (TECHLIB-302):	No function defined for cell 'FILE16R'. The cell will only be used for analysis. (File /afs/iitd.ac.in/service/tools/public/asiclib/umcoa/L65/libraries/UMC65LLSC/synopsys/ccs/uk65lscllmvbbr_100c25_tc_ccs.lib)
**WARN: (TECHLIB-302):	No function defined for cell 'ANTR'. The cell will only be used for analysis. (File /afs/iitd.ac.in/service/tools/public/asiclib/umcoa/L65/libraries/UMC65LLSC/synopsys/ccs/uk65lscllmvbbr_100c25_tc_ccs.lib)
Read 1077 cells in library 'uk65lscllmvbbr_100c25_tc' 
*** End library_loading (cpu=0.42min, real=0.40min, mem=237.8M, fe_cpu=3.78min, fe_real=10.05min, fe_mem=772.4M) ***
#- Begin Load netlist data ... (date=03/27 23:38:43, mem=772.4M)
*** Begin netlist parsing (mem=772.4M) ***
**WARN: (IMPVL-159):	Pin 'VDD' of cell 'XOR4M8RA' is defined in LEF but not in the timing library.
**WARN: (IMPVL-159):	Pin 'VSS' of cell 'XOR4M8RA' is defined in LEF but not in the timing library.
**WARN: (IMPVL-159):	Pin 'VDD' of cell 'XOR4M4RA' is defined in LEF but not in the timing library.
**WARN: (IMPVL-159):	Pin 'VSS' of cell 'XOR4M4RA' is defined in LEF but not in the timing library.
**WARN: (IMPVL-159):	Pin 'VDD' of cell 'XOR4M2RA' is defined in LEF but not in the timing library.
**WARN: (IMPVL-159):	Pin 'VSS' of cell 'XOR4M2RA' is defined in LEF but not in the timing library.
**WARN: (IMPVL-159):	Pin 'VDD' of cell 'XOR4M1RA' is defined in LEF but not in the timing library.
**WARN: (IMPVL-159):	Pin 'VSS' of cell 'XOR4M1RA' is defined in LEF but not in the timing library.
**WARN: (IMPVL-159):	Pin 'VDD' of cell 'XOR3M8RA' is defined in LEF but not in the timing library.
**WARN: (IMPVL-159):	Pin 'VSS' of cell 'XOR3M8RA' is defined in LEF but not in the timing library.
**WARN: (IMPVL-159):	Pin 'VDD' of cell 'XOR3M6RA' is defined in LEF but not in the timing library.
**WARN: (IMPVL-159):	Pin 'VSS' of cell 'XOR3M6RA' is defined in LEF but not in the timing library.
**WARN: (IMPVL-159):	Pin 'VDD' of cell 'XOR3M4RA' is defined in LEF but not in the timing library.
**WARN: (IMPVL-159):	Pin 'VSS' of cell 'XOR3M4RA' is defined in LEF but not in the timing library.
**WARN: (IMPVL-159):	Pin 'VDD' of cell 'XOR3M2RA' is defined in LEF but not in the timing library.
**WARN: (IMPVL-159):	Pin 'VSS' of cell 'XOR3M2RA' is defined in LEF but not in the timing library.
**WARN: (IMPVL-159):	Pin 'VDD' of cell 'XOR3M1RA' is defined in LEF but not in the timing library.
**WARN: (IMPVL-159):	Pin 'VSS' of cell 'XOR3M1RA' is defined in LEF but not in the timing library.
**WARN: (IMPVL-159):	Pin 'VDD' of cell 'XOR3M0RA' is defined in LEF but not in the timing library.
**WARN: (IMPVL-159):	Pin 'VSS' of cell 'XOR3M0RA' is defined in LEF but not in the timing library.
**WARN: (EMS-27):	Message (IMPVL-159) has exceeded the current message display limit of 20.
To increase the message display limit, refer to the product command reference manual.
Created 1077 new cells from 1 timing libraries.
Reading netlist ...
Backslashed names will retain backslash and a trailing blank character.
Reading verilog netlist '../synth/netlist/fifo_post_opt.v'

*** Memory Usage v#1 (Current mem = 772.418M, initial mem = 176.445M) ***
*** End netlist parsing (cpu=0:00:00.0, real=0:00:00.0, mem=772.4M) ***
#- End Load netlist data ... (date=03/27 23:38:43, total cpu=0:00:00.0, real=0:00:00.0, peak res=178.6M, current mem=772.4M)
Set top cell to fifo.
Hooked 1077 DB cells to tlib cells.
Starting recursive module instantiation check.
No recursion found.
Building hierarchical netlist for Cell fifo ...
*** Netlist is unique.
** info: there are 1094 modules.
** info: there are 349 stdCell insts.

*** Memory Usage v#1 (Current mem = 808.082M, initial mem = 176.445M) ***
Set Default Net Delay as 1000 ps.
Set Default Net Load as 0.5 pF. 
Set Default Input Pin Transition as 0.1 ps.
*Info: initialize multi-corner CTS.
Reading timing constraints file '/afs/iitd.ac.in/user/j/jv/jvl202215/elp736/assignments/assignment2/synth/sdc/fifo.sdc' ...
Current (total cpu=0:03:48, real=0:10:04, peak res=475.4M, current mem=913.8M)
fifo
**WARN: (TCLNL-330):	set_input_delay on clock root 'rclk' is not supported. You should use the -source option to set_clock_latency to provide this offset. You can also use the global timing_allow_input_delay_on_clock_source to allow set_input_delay assertion to have an effect on clock source paths beginning at this clock root. (File /afs/iitd.ac.in/user/j/jv/jvl202215/elp736/assignments/assignment2/synth/sdc/fifo.sdc, Line 72).

**WARN: (TCLNL-330):	set_input_delay on clock root 'wclk' is not supported. You should use the -source option to set_clock_latency to provide this offset. You can also use the global timing_allow_input_delay_on_clock_source to allow set_input_delay assertion to have an effect on clock source paths beginning at this clock root. (File /afs/iitd.ac.in/user/j/jv/jvl202215/elp736/assignments/assignment2/synth/sdc/fifo.sdc, Line 74).

ERROR (CTE-2): scripts aborted prematurely, turning off message_verbosity.


ERROR (CTE-27): Reading of timing constraints file aborted prematurely missing close-bracket
    while executing
"set_min_delay 1 -from ["
    (file "/afs/iitd.ac.in/user/j/jv/jvl202215/elp736/assignments/assignment2/synth/sdc/fifo.sdc" line 98)
---
    invoked from within
"__source /afs/iitd.ac.in/user/j/jv/jvl202215/elp736/assignments/assignment2/synth/sdc/fifo.sdc"
    ("uplevel" body line 1)
    invoked from within
"uplevel #0 __source /afs/iitd.ac.in/user/j/jv/jvl202215/elp736/assignments/assignment2/synth/sdc/fifo.sdc"
    ("eval" body line 1)
    invoked from within
"eval "uplevel #0 $::syn2ambit::source_cmd $::syn2ambit::tcl_file_G"".

WARNING (CTE-25): Line: 6, 7 of File /afs/iitd.ac.in/user/j/jv/jvl202215/elp736/assignments/assignment2/synth/sdc/fifo.sdc : Skipped unsupported command: set_units


Total number of combinational cells: 668
Total number of sequential cells: 394
Total number of tristate cells: 15
Total number of level shifter cells: 0
Total number of power gating cells: 0
Total number of isolation cells: 0
Total number of power switch cells: 0
Total number of pulse generator cells: 0
Total number of always on buffers: 0
Total number of retention cells: 0
List of usable buffers: BUFM10R BUFM12R BUFM14R BUFM16R BUFM18R BUFM22RA BUFM20R BUFM24R BUFM26RA BUFM2R BUFM3R BUFM32RA BUFM40RA BUFM48RA BUFM4R BUFM5R CKBUFM1R BUFM6R BUFM8R CKBUFM12R CKBUFM16R CKBUFM20R CKBUFM22RA CKBUFM24R CKBUFM26RA CKBUFM2R CKBUFM3R CKBUFM32R CKBUFM40R CKBUFM48R CKBUFM4R CKBUFM6R CKBUFM8R
Total number of usable buffers: 33
List of unusable buffers:
Total number of unusable buffers: 0
List of usable inverters: CKINVM1R CKINVM12R CKINVM16R CKINVM20R CKINVM22RA CKINVM24R CKINVM26RA CKINVM2R CKINVM3R CKINVM32R CKINVM40R CKINVM48R CKINVM4R CKINVM6R CKINVM8R INVM1R INVM10R INVM12R INVM14R INVM16R INVM18R INVM20R INVM22RA INVM24R INVM26RA INVM2R INVM3R INVM32R INVM40R INVM48R INVM4R INVM6R INVM5R INVM8R
Total number of usable inverters: 34
List of unusable inverters: REGKM2R REGKM1R REGKM4R INVM0R
Total number of unusable inverters: 4
List of identified usable delay cells: DEL1M1R DEL1M4R DEL2M1R DEL2M4R DEL3M1R DEL3M4R DEL4M1R DEL4M4R
Total number of identified usable delay cells: 8
List of identified unusable delay cells:
Total number of identified unusable delay cells: 0
Extraction setup Started 
Initializing multi-corner RC extraction with 1 active RC Corners ...
Reading Capacitance Table File /afs/iitd.ac.in/user/e/ee/een202501/Music/counter_design_database_45nm/captable/cln28hpl_1p10m+alrdl_5x2yu2yz_typical.capTbl ...
Cap table was created using Encounter 10.10-b056_1.
Process name: cln28hpl_1p10m+alrdl_5x2yu2yz_typical.
Set Shrink Factor to 0.90000
**WARN: (IMPEXT-2760):	Layer M8 specified in the cap table is ignored because it is greater than the maximum number of layers, 7, specified in the technology LEF file. Check the cap table for the invalid layer specification.
**WARN: (IMPEXT-2760):	Layer M9 specified in the cap table is ignored because it is greater than the maximum number of layers, 7, specified in the technology LEF file. Check the cap table for the invalid layer specification.
**WARN: (IMPEXT-2760):	Layer M10 specified in the cap table is ignored because it is greater than the maximum number of layers, 7, specified in the technology LEF file. Check the cap table for the invalid layer specification.
**WARN: (IMPEXT-2760):	Layer M11 specified in the cap table is ignored because it is greater than the maximum number of layers, 7, specified in the technology LEF file. Check the cap table for the invalid layer specification.
**WARN: (IMPEXT-2771):	Via VIA7 specified in the cap table is ignored because its top layer, M8, is greater than the maximum number of layers, 7, specified in the technology LEF file. Check the cap table for the invalid layer specification.
**WARN: (IMPEXT-2771):	Via VIA8 specified in the cap table is ignored because its top layer, M9, is greater than the maximum number of layers, 7, specified in the technology LEF file. Check the cap table for the invalid layer specification.
**WARN: (IMPEXT-2771):	Via VIA9 specified in the cap table is ignored because its top layer, M10, is greater than the maximum number of layers, 7, specified in the technology LEF file. Check the cap table for the invalid layer specification.
**WARN: (IMPEXT-2771):	Via RV specified in the cap table is ignored because its top layer, M11, is greater than the maximum number of layers, 7, specified in the technology LEF file. Check the cap table for the invalid layer specification.
**WARN: (IMPEXT-2710):	Basic Cap table for layer M8 is ignored because the layer is not specified in the technology LEF file.
#WARNING (NRDB-21) The number of routing layer 7 in the database does not match with the value of 11 in the Extended Cap Table file.
Importing multi-corner RC tables ... 
Summary of Active RC-Corners : 
 
 Analysis View: typ_case
    RC-Corner Name        : Default_rc_corner
    RC-Corner Index       : 0
    RC-Corner Temperature : 25 Celsius
    RC-Corner Cap Table   : '/afs/iitd.ac.in/user/e/ee/een202501/Music/counter_design_database_45nm/captable/cln28hpl_1p10m+alrdl_5x2yu2yz_typical.capTbl'
    RC-Corner PreRoute Res Factor         : 1
    RC-Corner PreRoute Cap Factor         : 1
    RC-Corner PostRoute Res Factor        : 1 {1 1 1}
    RC-Corner PostRoute Cap Factor        : 1 {1 1 1}
    RC-Corner PostRoute XCap Factor       : 1 {1 1 1}
    RC-Corner PreRoute Clock Res Factor   : 1	[Derived from postRoute_res (effortLevel low)]
    RC-Corner PreRoute Clock Cap Factor   : 1	[Derived from postRoute_cap (effortLevel low)]
    RC-Corner PostRoute Clock Cap Factor  : 1 {1 1 1} 	[Derived from postRoute_cap (effortLevel low)]
    RC-Corner PostRoute Clock Res Factor  : 1 {1 1 1} 	[Derived from postRoute_res (effortLevel low)]

*** Summary of all messages that are not suppressed in this session:
Severity  ID               Count  Summary                                  
WARNING   IMPLF-200            1  Pin '%s' in macro '%s' has no ANTENNAGAT...
WARNING   IMPLF-108            1  There is no overlap layer defined in any...
WARNING   IMPEXT-2710          1  Basic Cap table for layer M%d is ignored...
WARNING   IMPEXT-2760          4  Layer M%d specified in the cap table is ...
WARNING   IMPEXT-2771          4  Via %s specified in the cap table is ign...
WARNING   IMPVL-159         2154  Pin '%s' of cell '%s' is defined in LEF ...
WARNING   TCLNL-330            2  set_input_delay on clock root '%s' is no...
WARNING   TECHLIB-302         12  No function defined for cell '%s'. The c...
WARNING   TECHLIB-436         20  Attribute '%s' on '%s' pin '%s' of cell ...
WARNING   TECHLIB-1365        20  The %s vector group for %s has a duplica...
*** Message Summary: 2219 warning(s), 0 error(s)

<CMD> panPage -1 0
<CMD> panPage 0 -1
<CMD> panPage -1 0
<CMD> panPage 1 0
<CMD> panPage 1 0
<CMD> panPage 0 1
<CMD> panPage 0 -1
<CMD> panPage 0 1
<CMD> panPage 0 -1
<CMD> panPage 0 1
Recreating partitions ...
<CMD> definePartition -hinst fifomem -coreSpacing 0.0 0.0 0.0 0.0 -railWidth 0.0 -minPitchLeft 2 -minPitchRight 2 -minPitchTop 2 -minPitchBottom 2 -reservedLayer { 1 2 3 4 5 6 7} -pinLayerTop { 2 4 6} -pinLayerLeft { 3 5 7} -pinLayerBottom { 2 4 6} -pinLayerRight { 3 5 7} -placementHalo 0.0 0.0 0.0 0.0 -routingHalo 0.0 -routingHaloTopLayer 7 -routingHaloBottomLayer 1
Creating partition fifomem_DATASIZE8_ADDRSIZE4.
**WARN: (IMPPTN-406):	The partition 'fifomem_DATASIZE8_ADDRSIZE4' cannot be created without specifying a legal constraint on the partition module 'fifomem'. Specify a Guide, Region, or Fence constraint on the partition module 'fifomem' and then define the partition.
**ERROR: (IMPPTN-678):	Partition: [fifomem_DATASIZE8_ADDRSIZE4] could not be created because of above mentioned errors. Correct the error condition and run the command again.
<CMD> setDrawView fplan
<CMD> zoomOut
<CMD> zoomOut
<CMD> zoomIn
<CMD> zoomIn
<CMD> zoomOut
<CMD> panPage 1 0
<CMD> panPage -1 0
<CMD> panPage 0 1
<CMD> panPage 0 -1
<CMD> panPage 0 -1
<CMD> getCTSMode -engine -quiet
<CMD> setDrawView place
<CMD> setDrawView place
<CMD> setDrawView ameba
<CMD> zoomIn
<CMD> zoomIn
<CMD> panPage 0 1
<CMD> panPage 0 1
<CMD> panPage 0 1
<CMD> panPage 0 1
<CMD> panPage 0 1
<CMD> panPage 0 1
<CMD> panPage 0 1
<CMD> panPage 0 1
<CMD> zoomOut
<CMD> panPage 0 1
<CMD> panPage 0 1
<CMD> panPage 0 1
<CMD> panPage 0 -1
<CMD> panPage 0 -1
<CMD> panPage 0 -1
<CMD> panPage 0 1
<CMD> zoomOut
<CMD> setDrawView place
<CMD> zoomIn
<CMD> setPlaceMode -fp false
<CMD> placeDesign
**ERROR: (IMPSP-9099):	Scan chains exist in this design but are not defined. Placement and timing QoR can be severely impacted in this case!
It is highly recommend to define scan chains either through input scan def (preferred) or specifyScanChain.
*** Starting placeDesign default flow ***
*** Start deleteBufferTree ***
Info: Detect buffers to remove automatically.
Analyzing netlist ...
Updating netlist
AAE DB initialization (MEM=1205.43 CPU=0:00:00.1 REAL=0:00:00.0) 
siFlow : Timing analysis mode is single, using late cdB files

*summary: 9 instances (buffers/inverters) removed
*** Finish deleteBufferTree (0:00:02.6) ***
**INFO: Enable pre-place timing setting for timing analysis
Set Using Default Delay Limit as 101.
**WARN: (IMPDC-1629):	The default delay limit was set to 101. This is less than the default of 1000 and may result in inaccurate delay calculation for nets with a fanout higher than the setting.  If needed, the default delay limit may be adjusted by running the command 'set delaycal_use_default_delay_limit'.
Set Default Net Delay as 0 ps.
Set Default Net Load as 0 pF. 
**INFO: Analyzing IO path groups for slack adjustment
Effort level <high> specified for reg2reg_tmp.22115 path_group
#################################################################################
# Design Stage: PreRoute
# Design Name: fifo
# Design Mode: 90nm
# Analysis Mode: MMMC Non-OCV 
# Parasitics Mode: No SPEF/RCDB
# Signoff Settings: SI Off 
#################################################################################
Calculate delays in Single mode...
Total number of fetched objects 354
End delay calculation. (MEM=1656.76 CPU=0:00:00.1 REAL=0:00:00.0)
**INFO: Disable pre-place timing setting for timing analysis
Set Using Default Delay Limit as 1000.
Set Default Net Delay as 1000 ps.
Set Default Net Load as 0.5 pF. 
**INFO: Pre-place timing setting for timing analysis already disabled
Deleted 0 physical inst  (cell - / prefix -).
Extracting standard cell pins and blockage ...... 
Pin and blockage extraction finished
Extracting macro/IO cell pins and blockage ...... 
Pin and blockage extraction finished
*** Starting "NanoPlace(TM) placement v#2 (mem=1642.6M)" ...
total jobs 10703
multi thread init TemplateIndex for each ta. thread num 1
Wait...
*** Build Buffered Sizing Timing Model (Used Compact Buffer Set) ...(cpu=0:00:01.7 mem=1642.6M) ***
*** Build Virtual Sizing Timing Model
(cpu=0:00:03.0 mem=1676.6M) ***
No user setting net weight.
Options: timingDriven clkGateAware ignoreScan pinGuide congEffort=auto gpeffort=medium 
Scan chains were not defined.
#std cell=340 (0 fixed + 340 movable) #block=0 (0 floating + 0 preplaced)
#ioInst=0 #net=354 #term=1543 #term/net=4.36, #fixedIo=0, #floatIo=0, #fixedPin=0, #floatPin=24
stdCell: 340 single + 0 double + 0 multi
Total standard cell length = 1.0558 (mm), area = 0.0019 (mm^2)
Estimated cell power/ground rail width = 0.225 um
Average module density = 0.697.
Density for the design = 0.697.
       = stdcell_area 5279 sites (1900 um^2) / alloc_area 7569 sites (2725 um^2).
Pin Density = 0.2039.
            = total # of pins 1543 / total area 7569.
=== lastAutoLevel = 6 
=== macro end level: 6 ===
Clock gating cells determined by native netlist tracing.
Iteration  1: Total net bbox = 1.965e-12 (0.00e+00 1.96e-12)
              Est.  stn bbox = 2.035e-12 (0.00e+00 2.03e-12)
              cpu = 0:00:00.0 real = 0:00:00.0 mem = 1717.0M
Iteration  2: Total net bbox = 1.965e-12 (0.00e+00 1.96e-12)
              Est.  stn bbox = 2.035e-12 (0.00e+00 2.03e-12)
              cpu = 0:00:00.0 real = 0:00:00.0 mem = 1717.0M
Iteration  3: Total net bbox = 7.229e+00 (4.99e+00 2.24e+00)
              Est.  stn bbox = 8.878e+00 (6.23e+00 2.65e+00)
              cpu = 0:00:00.1 real = 0:00:00.0 mem = 1733.0M
Active setup views:
    typ_case
Iteration  4: Total net bbox = 2.914e+03 (1.56e+03 1.35e+03)
              Est.  stn bbox = 3.583e+03 (1.93e+03 1.65e+03)
              cpu = 0:00:00.6 real = 0:00:00.0 mem = 1733.0M
Iteration  5: Total net bbox = 3.434e+03 (1.54e+03 1.89e+03)
              Est.  stn bbox = 4.278e+03 (1.94e+03 2.34e+03)
              cpu = 0:00:00.6 real = 0:00:01.0 mem = 1733.0M
Iteration  6: Total net bbox = 4.743e+03 (2.53e+03 2.21e+03)
              Est.  stn bbox = 5.791e+03 (3.03e+03 2.76e+03)
              cpu = 0:00:01.2 real = 0:00:02.0 mem = 1733.0M
*** cost = 4.743e+03 (2.53e+03 2.21e+03) (cpu for global=0:00:01.2) real=0:00:02.0***
Info: 0 clock gating cells identified, 0 (on average) moved
fifo
Solver runtime cpu: 0:00:01.2 real: 0:00:01.0
Core Placement runtime cpu: 0:00:01.2 real: 0:00:02.0
**WARN: (IMPSP-9025):	No scan chain specified/traced.
Type 'man IMPSP-9025' for more detail.
*** Starting refinePlace (0:05:19 mem=1703.8M) ***
Total net bbox length = 4.743e+03 (2.533e+03 2.211e+03) (ext = 7.542e+02)
Density distribution unevenness ratio = 12.344%
Move report: Detail placement moves 340 insts, mean move: 3.31 um, max move: 10.70 um
	Max move on inst (fifomem/mem_reg[9][3]): (44.59, 33.29) --> (47.20, 25.20)
	Runtime: CPU: 0:00:00.1 REAL: 0:00:00.0 MEM: 1703.8MB
Summary Report:
Instances move: 340 (out of 340 movable)
Instances flipped: 0
Mean displacement: 3.31 um
Max displacement: 10.70 um (Instance: fifomem/mem_reg[9][3]) (44.591, 33.288) -> (47.2, 25.2)
	Length: 25 sites, height: 1 rows, site name: CORE, cell type: SDFQM2RA
Total net bbox length = 5.300e+03 (2.606e+03 2.693e+03) (ext = 6.740e+02)
Runtime: CPU: 0:00:00.1 REAL: 0:00:00.0 MEM: 1703.8MB
*** Finished refinePlace (0:05:19 mem=1703.8M) ***
*** End of Placement (cpu=0:00:05.2, real=0:00:06.0, mem=1703.8M) ***
default core: bins with density >  0.75 = 22.2 % ( 2 / 9 )
Density distribution unevenness ratio = 4.408%
*** Free Virtual Timing Model ...(mem=1703.8M)
Starting congestion repair ...
[NR-eGR] honorMsvRouteConstraint: false
[NR-eGR] honorClockSpecNDR      : 0
[NR-eGR] minRouteLayer          : 2
[NR-eGR] maxRouteLayer          : 127
[NR-eGR] numTracksPerClockWire  : 0
[NR-eGR] Layer1 has no routable track
[NR-eGR] Layer2 has single uniform track structure
[NR-eGR] Layer3 has single uniform track structure
[NR-eGR] Layer4 has single uniform track structure
[NR-eGR] Layer5 has single uniform track structure
[NR-eGR] Layer6 has single uniform track structure
[NR-eGR] Layer7 has single uniform track structure
[NR-eGR] numRoutingBlks=0 numInstBlks=0 numPGBlocks=0 numBumpBlks=0 numBoundaryFakeBlks=0
[NR-eGR] numPreroutedNet = 0  numPreroutedWires = 0
[NR-eGR] Read numTotalNets=345  numIgnoredNets=0
[NR-eGR] There are 2 clock nets ( 0 with NDR ).
[NR-eGR] ============ Routing rule table ============
[NR-eGR] Rule id 0. Nets 345 
[NR-eGR] id=0  ndrTrackId=0  ndrViaId=-1  extraSpace=0  numShields=0  maxHorDemand=1  maxVerDemand=1
[NR-eGR] Pitch:  L1=360  L2=400  L3=400  L4=400  L5=400  L6=800  L7=12000
[NR-eGR] ========================================
[NR-eGR] 
[NR-eGR] Layer group 1: route 345 net(s) in layer range [2, 7]
[NR-eGR] earlyGlobalRoute overflow of layer group 1: 0.00% H + 0.00% V. EstWL: 5.767200e+03um
[NR-eGR] 
[NR-eGR] Overflow after earlyGlobalRoute (GR compatible) 0.00% H + 0.00% V
[NR-eGR] Overflow after earlyGlobalRoute 0.00% H + 0.00% V
Local HotSpot Analysis: normalized max congestion hotspot area = 0.00, normalized total congestion hotspot area = 0.00 (area is in unit of 4 std-cell row bins)
Skipped repairing congestion.
[NR-eGR] Layer1(ME1)(F) length: 0.000000e+00um, number of vias: 1510
[NR-eGR] Layer2(ME2)(V) length: 2.712492e+03um, number of vias: 2254
[NR-eGR] Layer3(ME3)(H) length: 2.862600e+03um, number of vias: 75
[NR-eGR] Layer4(ME4)(V) length: 4.480000e+02um, number of vias: 0
[NR-eGR] Layer5(ME5)(H) length: 0.000000e+00um, number of vias: 0
[NR-eGR] Layer6(ME6)(V) length: 0.000000e+00um, number of vias: 0
[NR-eGR] Layer7(AL_RDL)(H) length: 0.000000e+00um, number of vias: 0
[NR-eGR] Total length: 6.023092e+03um, number of vias: 3839
End of congRepair (cpu=0:00:00.1, real=0:00:01.0)
*** Finishing placeDesign default flow ***
**ERROR: (IMPSP-9099):	Scan chains exist in this design but are not defined. Placement and timing QoR can be severely impacted in this case!
It is highly recommend to define scan chains either through input scan def (preferred) or specifyScanChain.
**placeDesign ... cpu = 0: 0: 9, real = 0: 0:10, mem = 1691.0M **

*** Summary of all messages that are not suppressed in this session:
Severity  ID               Count  Summary                                  
WARNING   IMPDC-1629           1  The default delay limit was set to %d. T...
WARNING   IMPSP-9025           1  No scan chain specified/traced.          
ERROR     IMPSP-9099           2  Scan chains exist in this design but are...
*** Message Summary: 2 warning(s), 2 error(s)

<CMD> setDrawView fplan
<CMD> setDrawView ameba
<CMD> panPage 0 -1
<CMD> panPage 0 -1
<CMD> panPage 0 1
<CMD> panPage 0 1
<CMD> zoomOut
<CMD> panPage 0 -1
<CMD> panPage 1 0
<CMD> setDrawView place
<CMD> setDrawView fplan
<CMD> selectObject Module fifomem
<CMD> zoomIn
<CMD> fit
<CMD> setDrawView fplan
<CMD> setDrawView place
<CMD> setDrawView fplan
<CMD> setDrawView fplan
<CMD> deselectAll
<CMD> selectObject Module fifomem
<CMD> deselectAll
<CMD> selectObject Module fifomem
<CMD> deselectAll
**ERROR: (IMPSYT-6000):	No Object Selected.
**ERROR: (IMPQTF-4003):	Form 'attrInQt' does not exist.
**ERROR: (IMPQTF-4003):	Form 'attrInQt' does not exist.
<CMD> getIoFlowFlag
<CMD> setIoFlowFlag 0
<CMD> floorPlan -site CORE -r 0.99684904039 0.695252 10.0 10.0 10.0 10.0
<CMD> uiSetTool select
<CMD> getIoFlowFlag
<CMD> fit
<CMD> setDrawView fplan
Recreating partitions ...
<CMD> setDrawView fplan
<CMD> selectObject Module fifomem
<CMD> deselectAll
<CMD> selectObject Module fifomem
<CMD> deselectAll
<CMD> selectObject Module fifomem
<CMD> deselectAll
<CMD> selectObject Module fifomem
<CMD> deselectAll
<CMD> getPinAssignMode -pinEditInBatch -quiet
<CMD> gui_select -rect {0.795 33.306 -1.403 17.093}
<CMD> gui_select -rect {-3.235 34.039 2.994 18.466}
<CMD> setPinAssignMode -pinEditInBatch true
<CMD> editPin -fixOverlap 1 -unit MICRON -spreadDirection clockwise -side Right -layer 1 -spreadType start -spacing 0.2 -start 0.0 0.0 -pin {{rdata[0]} {rdata[1]} {rdata[2]} {rdata[3]} {rdata[4]} {rdata[5]} {rdata[6]} {rdata[7]} wfull rempty}
Successfully spread [10] pins.
editPin : finished (cpu = 0:00:00.0 real = 0:00:00.0, mem = 1950.0M).
<CMD> setPinAssignMode -pinEditInBatch false
<CMD> gui_select -rect {70.231 74.070 78.475 66.008}
<CMD> getCTSMode -engine -quiet
<CMD> getPinAssignMode -pinEditInBatch -quiet
<CMD> setPinAssignMode -pinEditInBatch true
<CMD> editPin -pinWidth 0.09 -pinDepth 0.47 -fixOverlap 1 -spreadDirection clockwise -side Right -layer 1 -spreadType side -pin {{rdata[0]} {rdata[1]} {rdata[2]} {rdata[3]} {rdata[4]} {rdata[5]} {rdata[6]} {rdata[7]} rempty wfull}
Successfully spread [10] pins.
editPin : finished (cpu = 0:00:00.0 real = 0:00:00.0, mem = 1950.0M).
<CMD> setPinAssignMode -pinEditInBatch false
<CMD> deselectAll
<CMD> gui_select -rect {86.169 8.757 60.520 24.054}
<CMD> gui_select -rect {69.681 18.649 75.636 13.337}
<CMD> deselectAll
**ERROR: (IMPSYT-6000):	No Object Selected.
<CMD> zoomIn
<CMD> panPage 0 -1
<CMD> panPage 1 0
<CMD> panPage 1 0
<CMD> panPage 1 0
<CMD> panPage 1 0
<CMD> panPage 1 0
<CMD> panPage 1 0
<CMD> panPage 1 0
<CMD> panPage 1 0
<CMD> panPage -1 0
<CMD> panPage -1 0
<CMD> panPage -1 0
<CMD> panPage -1 0
<CMD> panPage -1 0
<CMD> panPage -1 0
<CMD> panPage -1 0
<CMD> panPage -1 0
<CMD> panPage -1 0
<CMD> panPage 1 0
<CMD> panPage 1 0
<CMD> panPage 1 0
<CMD> zoomIn
<CMD> zoomIn
<CMD> panPage 1 0
<CMD> panPage 1 0
<CMD> panPage 1 0
<CMD> panPage 1 0
<CMD> panPage 0 -1
<CMD> panPage 0 -1
<CMD> panPage 0 -1
<CMD> panPage 0 -1
<CMD> zoomSelected
<CMD> zoomOut
<CMD> zoomOut
<CMD> zoomOut
<CMD> zoomOut
<CMD> zoomOut
<CMD> zoomOut
<CMD> zoomOut
<CMD> zoomOut
<CMD> zoomOut
<CMD> zoomIn
<CMD> zoomIn
<CMD> zoomIn
<CMD> zoomIn
<CMD> panPage 0 1
<CMD> panPage -1 0
<CMD> panPage 0 -1
<CMD> getIoFlowFlag
<CMD> getPinAssignMode -pinEditInBatch -quiet
<CMD> set ptngSprNoRefreshPins 1
<CMD> setPtnPinStatus -cell fifo -pin rclk -status unplaced -silent
<CMD> setPtnPinStatus -cell fifo -pin rinc -status unplaced -silent
<CMD> setPtnPinStatus -cell fifo -pin rrst_n -status unplaced -silent
<CMD> setPtnPinStatus -cell fifo -pin wclk -status unplaced -silent
<CMD> setPtnPinStatus -cell fifo -pin winc -status unplaced -silent
<CMD> setPtnPinStatus -cell fifo -pin wrst_n -status unplaced -silent
<CMD> setPtnPinStatus -cell fifo -pin {wdata[0]} -status unplaced -silent
<CMD> setPtnPinStatus -cell fifo -pin {wdata[1]} -status unplaced -silent
<CMD> setPtnPinStatus -cell fifo -pin {wdata[2]} -status unplaced -silent
<CMD> setPtnPinStatus -cell fifo -pin {wdata[3]} -status unplaced -silent
<CMD> setPtnPinStatus -cell fifo -pin {wdata[4]} -status unplaced -silent
<CMD> setPtnPinStatus -cell fifo -pin {wdata[5]} -status unplaced -silent
<CMD> setPtnPinStatus -cell fifo -pin {wdata[6]} -status unplaced -silent
<CMD> setPtnPinStatus -cell fifo -pin {wdata[7]} -status unplaced -silent
<CMD> set ptngSprNoRefreshPins 0
<CMD_INTERNAL> ptnSprRefreshPinsAndBlockages
<CMD> setPinAssignMode -pinEditInBatch false
<CMD> getIoFlowFlag
<CMD> getPinAssignMode -pinEditInBatch -quiet
<CMD> setPinAssignMode -pinEditInBatch true
<CMD> editPin -fixOverlap 1 -spreadDirection clockwise -side Left -layer 1 -spreadType side -pin {rclk rinc rrst_n wclk {wdata[0]} {wdata[1]} {wdata[2]} {wdata[3]} {wdata[4]} {wdata[5]} {wdata[6]} {wdata[7]} winc wrst_n}
Successfully spread [14] pins.
editPin : finished (cpu = 0:00:00.0 real = 0:00:00.0, mem = 1950.0M).
<CMD> setPinAssignMode -pinEditInBatch false
<CMD> setDrawView fplan
<CMD> setDrawView ameba
<CMD> setDrawView place
<CMD> setDrawView fplan
<CMD> setDrawView fplan
<CMD> setDrawView ameba
<CMD> panPage 0 1
<CMD> panPage 0 -1
<CMD> panPage 0 1
<CMD> panPage 0 -1
<CMD> panPage 0 1
<CMD> panPage 0 -1
<CMD> gui_select -rect {59.843 41.803 58.011 39.605}
<CMD> deselectAll
<CMD> gui_select -rect {59.751 35.300 46.285 30.719}
<CMD> deselectAll
<CMD> setDrawView ameba
<CMD> setDrawView ameba
<CMD> setDrawView place
<CMD> setDrawView fplan
<CMD> panPage 0 1
<CMD> panPage 0 -1
<CMD> panPage 0 1
<CMD> zoomOut
<CMD> panPage 0 1
<CMD> panPage 0 -1
<CMD> panPage 0 -1
<CMD> zoomIn
<CMD> zoomIn
<CMD> zoomOut
<CMD> panPage 0 1
<CMD> panPage 0 1
<CMD> panPage 0 1
<CMD> zoomBox 83.385 38.699 84.210 35.035
<CMD> zoomBox 86.403 36.248 86.529 36.514
<CMD> zoomOut
<CMD> zoomOut
<CMD> zoomOut
<CMD> zoomOut
<CMD> zoomOut
<CMD> zoomOut
<CMD> zoomIn
<CMD> zoomOut

*** Memory Usage v#1 (Current mem = 1949.992M, initial mem = 176.445M) ***
*** Message Summary: 2222 warning(s), 9 error(s)

--- Ending "Innovus" (totcpu=0:08:29, real=0:48:38, mem=1950.0M) ---
